SF:C:\Users\Cong\Desktop\Workspace\New folder (4)\WebApplication\Program.cs
FN:6,System.Void Program::<Main>$(System.String[])
FNDA:0,System.Void Program::<Main>$(System.String[])
DA:7,0
DA:10,0
DA:11,0
DA:12,0
DA:13,0
DA:14,0
DA:16,0
DA:19,0
DA:20,0
DA:21,0
DA:23,0
DA:24,0
DA:26,0
DA:27,0
DA:29,0
DA:31,0
DA:33,0
DA:34,0
DA:35,0
DA:37,0
DA:39,0
BRDA:19,111,0,0
BRDA:19,111,1,0
FN:41,System.Void Program::<<Main>$>g__SeedData|0_1(Microsoft.AspNetCore.Builder.WebApplication)
FNDA:0,System.Void Program::<<Main>$>g__SeedData|0_1(Microsoft.AspNetCore.Builder.WebApplication)
DA:42,0
DA:43,0
DA:44,0
DA:45,0
DA:46,0
DA:47,0
DA:48,0
DA:49,0
DA:50,0
DA:51,0
DA:52,0
DA:53,0
DA:54,0
DA:55,0
DA:56,0
DA:57,0
DA:58,0
DA:59,0
BRDA:47,54,0,0
BRDA:47,54,1,0
LF:39
LH:0
BRF:4
BRH:0
FNF:2
FNH:0
end_of_record
SF:C:\Users\Cong\Desktop\Workspace\New folder (4)\WebApplication\Views\Home\Index.cshtml
FN:1,System.Void AspNetCoreGeneratedDocument.Views_Home_Index/<ExecuteAsync>d__9::MoveNext()
FNDA:0,System.Void AspNetCoreGeneratedDocument.Views_Home_Index/<ExecuteAsync>d__9::MoveNext()
DA:2,0
BRDA:2,429,0,0
BRDA:2,429,1,0
LF:1
LH:0
BRF:2
BRH:0
FNF:1
FNH:0
end_of_record
SF:C:\Users\Cong\Desktop\Workspace\New folder (4)\WebApplication\Views\Home\Privacy.cshtml
FN:1,System.Void AspNetCoreGeneratedDocument.Views_Home_Privacy/<ExecuteAsync>d__0::MoveNext()
FNDA:0,System.Void AspNetCoreGeneratedDocument.Views_Home_Privacy/<ExecuteAsync>d__0::MoveNext()
DA:2,0
DA:4,0
LF:2
LH:0
BRF:0
BRH:0
FNF:1
FNH:0
end_of_record
SF:C:\Users\Cong\Desktop\Workspace\New folder (4)\WebApplication\Views\Persons\Create.cshtml
FN:11,System.Void AspNetCoreGeneratedDocument.Views_Persons_Create/<<ExecuteAsync>b__25_0>d::MoveNext()
FNDA:0,System.Void AspNetCoreGeneratedDocument.Views_Persons_Create/<<ExecuteAsync>b__25_0>d::MoveNext()
DA:12,0
DA:13,0
DA:14,0
DA:18,0
DA:19,0
DA:20,0
DA:24,0
DA:25,0
DA:32,0
DA:36,0
DA:37,0
DA:38,0
DA:42,0
DA:43,0
DA:44,0
DA:48,0
DA:49,0
DA:50,0
DA:54,0
DA:55,0
DA:56,0
BRDA:12,840,0,0
BRDA:12,840,1,0
BRDA:13,1454,0,0
BRDA:13,1454,1,0
BRDA:14,2068,0,0
BRDA:14,2068,1,0
BRDA:18,2682,0,0
BRDA:18,2682,1,0
BRDA:19,3296,0,0
BRDA:19,3296,1,0
BRDA:20,3912,0,0
BRDA:20,3912,1,0
BRDA:24,4528,0,0
BRDA:24,4528,1,0
BRDA:25,5130,0,0
BRDA:25,5130,1,0
BRDA:32,5746,0,0
BRDA:32,5746,1,0
BRDA:36,6362,0,0
BRDA:36,6362,1,0
BRDA:37,7032,0,0
BRDA:37,7032,1,0
BRDA:38,7648,0,0
BRDA:38,7648,1,0
BRDA:42,8264,0,0
BRDA:42,8264,1,0
BRDA:43,8880,0,0
BRDA:43,8880,1,0
BRDA:44,9496,0,0
BRDA:44,9496,1,0
BRDA:48,10112,0,0
BRDA:48,10112,1,0
BRDA:49,10782,0,0
BRDA:49,10782,1,0
BRDA:50,11398,0,0
BRDA:50,11398,1,0
BRDA:54,12014,0,0
BRDA:54,12014,1,0
BRDA:55,12684,0,0
BRDA:55,12684,1,0
BRDA:56,13300,0,0
BRDA:56,13300,1,0
FN:3,System.Void AspNetCoreGeneratedDocument.Views_Persons_Create/<ExecuteAsync>d__25::MoveNext()
FNDA:0,System.Void AspNetCoreGeneratedDocument.Views_Persons_Create/<ExecuteAsync>d__25::MoveNext()
DA:4,0
BRDA:4,442,0,0
BRDA:4,442,1,0
LF:22
LH:0
BRF:44
BRH:0
FNF:2
FNH:0
end_of_record
SF:C:\Users\Cong\Desktop\Workspace\New folder (4)\WebApplication\Views\Persons\Delete.cshtml
FN:62,System.Void AspNetCoreGeneratedDocument.Views_Persons_Delete/<<ExecuteAsync>b__11_15>d::MoveNext()
FNDA:0,System.Void AspNetCoreGeneratedDocument.Views_Persons_Delete/<<ExecuteAsync>b__11_15>d::MoveNext()
DA:63,0
BRDA:63,504,0,0
BRDA:63,504,1,0
FN:3,System.Void AspNetCoreGeneratedDocument.Views_Persons_Delete/<ExecuteAsync>d__11::MoveNext()
FNDA:0,System.Void AspNetCoreGeneratedDocument.Views_Persons_Delete/<ExecuteAsync>d__11::MoveNext()
DA:4,0
DA:13,0
DA:16,0
DA:19,0
DA:22,0
DA:25,0
DA:28,0
DA:31,0
DA:34,0
DA:37,0
DA:40,0
DA:43,0
DA:46,0
DA:49,0
DA:52,0
DA:55,0
DA:58,0
BRDA:58,2033,0,0
BRDA:58,2033,1,0
LF:18
LH:0
BRF:4
BRH:0
FNF:2
FNH:0
end_of_record
SF:C:\Users\Cong\Desktop\Workspace\New folder (4)\WebApplication\Views\Persons\Details.cshtml
FN:3,System.Void AspNetCoreGeneratedDocument.Views_Persons_Details/<ExecuteAsync>d__0::MoveNext()
FNDA:0,System.Void AspNetCoreGeneratedDocument.Views_Persons_Details/<ExecuteAsync>d__0::MoveNext()
DA:4,0
DA:11,0
DA:14,0
DA:17,0
DA:20,0
DA:23,0
DA:26,0
DA:29,0
DA:32,0
DA:35,0
DA:38,0
DA:41,0
DA:44,0
DA:47,0
DA:50,0
DA:53,0
DA:56,0
LF:17
LH:0
BRF:0
BRH:0
FNF:1
FNH:0
end_of_record
SF:C:\Users\Cong\Desktop\Workspace\New folder (4)\WebApplication\Views\Persons\Edit.cshtml
FN:11,System.Void AspNetCoreGeneratedDocument.Views_Persons_Edit/<<ExecuteAsync>b__23_0>d::MoveNext()
FNDA:0,System.Void AspNetCoreGeneratedDocument.Views_Persons_Edit/<<ExecuteAsync>b__23_0>d::MoveNext()
DA:12,0
DA:13,0
DA:14,0
DA:18,0
DA:19,0
DA:20,0
DA:24,0
DA:25,0
DA:30,0
DA:34,0
DA:35,0
DA:36,0
DA:40,0
DA:41,0
DA:42,0
DA:46,0
DA:47,0
DA:48,0
DA:52,0
DA:53,0
DA:54,0
BRDA:12,840,0,0
BRDA:12,840,1,0
BRDA:13,1454,0,0
BRDA:13,1454,1,0
BRDA:14,2068,0,0
BRDA:14,2068,1,0
BRDA:18,2682,0,0
BRDA:18,2682,1,0
BRDA:19,3296,0,0
BRDA:19,3296,1,0
BRDA:20,3912,0,0
BRDA:20,3912,1,0
BRDA:24,4528,0,0
BRDA:24,4528,1,0
BRDA:25,5130,0,0
BRDA:25,5130,1,0
BRDA:30,5746,0,0
BRDA:30,5746,1,0
BRDA:34,6362,0,0
BRDA:34,6362,1,0
BRDA:35,7032,0,0
BRDA:35,7032,1,0
BRDA:36,7648,0,0
BRDA:36,7648,1,0
BRDA:40,8264,0,0
BRDA:40,8264,1,0
BRDA:41,8880,0,0
BRDA:41,8880,1,0
BRDA:42,9496,0,0
BRDA:42,9496,1,0
BRDA:46,10112,0,0
BRDA:46,10112,1,0
BRDA:47,10728,0,0
BRDA:47,10728,1,0
BRDA:48,11344,0,0
BRDA:48,11344,1,0
BRDA:52,11960,0,0
BRDA:52,11960,1,0
BRDA:53,12734,0,0
BRDA:53,12734,1,0
BRDA:54,13350,0,0
BRDA:54,13350,1,0
FN:3,System.Void AspNetCoreGeneratedDocument.Views_Persons_Edit/<ExecuteAsync>d__23::MoveNext()
FNDA:0,System.Void AspNetCoreGeneratedDocument.Views_Persons_Edit/<ExecuteAsync>d__23::MoveNext()
DA:4,0
DA:10,0
BRDA:4,320,0,0
BRDA:4,320,1,0
BRDA:10,654,0,0
BRDA:10,654,1,0
LF:23
LH:0
BRF:46
BRH:0
FNF:2
FNH:0
end_of_record
SF:C:\Users\Cong\Desktop\Workspace\New folder (4)\WebApplication\Views\Persons\Index.cshtml
FN:21,System.Void AspNetCoreGeneratedDocument.Views_Persons_Index/<ExecuteAsync>d__23::MoveNext()
FNDA:0,System.Void AspNetCoreGeneratedDocument.Views_Persons_Index/<ExecuteAsync>d__23::MoveNext()
DA:22,0
DA:23,0
DA:25,0
DA:26,0
DA:27,0
DA:28,0
DA:29,0
DA:30,0
DA:32,0
DA:33,0
DA:34,0
DA:37,0
BRDA:22,530,0,0
BRDA:22,530,1,0
BRDA:22,3289,1,0
BRDA:30,1311,0,0
BRDA:30,1311,1,0
BRDA:32,1643,0,0
BRDA:32,1643,1,0
BRDA:32,2032,0,0
BRDA:32,2032,1,0
BRDA:33,2364,0,0
BRDA:33,2364,1,0
BRDA:33,2753,0,0
BRDA:33,2753,1,0
BRDA:34,3085,0,0
BRDA:34,3085,1,0
BRDA:22,3289,0,0
BRDA:22,3674,0,0
BRDA:22,3674,1,0
BRDA:22,4190,0,0
BRDA:22,4190,1,0
BRDA:22,4706,0,0
BRDA:22,4706,1,0
BRDA:22,5096,0,0
BRDA:22,5096,1,0
BRDA:22,5344,0,0
BRDA:22,5344,1,0
BRDA:22,5734,0,0
BRDA:22,5734,1,0
BRDA:22,5982,0,0
BRDA:22,5982,1,0
BRDA:22,6372,0,0
BRDA:22,6372,1,0
BRDA:22,6620,0,0
BRDA:22,6620,1,0
BRDA:22,7136,0,0
BRDA:22,7136,1,0
LF:12
LH:0
BRF:36
BRH:0
FNF:1
FNH:0
end_of_record
SF:C:\Users\Cong\Desktop\Workspace\New folder (4)\WebApplication\Views\Shared\Error.cshtml
FN:2,System.Void AspNetCoreGeneratedDocument.Views_Shared_Error/<ExecuteAsync>d__0::MoveNext()
FNDA:0,System.Void AspNetCoreGeneratedDocument.Views_Shared_Error/<ExecuteAsync>d__0::MoveNext()
DA:3,0
DA:9,0
DA:10,0
DA:12,0
DA:14,0
BRDA:9,70,0,0
BRDA:9,70,1,0
LF:5
LH:0
BRF:2
BRH:0
FNF:1
FNH:0
end_of_record
SF:C:\Users\Cong\Desktop\Workspace\New folder (4)\WebApplication\Views\Shared\Index.cshtml
FN:22,System.Void AspNetCoreGeneratedDocument.Views_Shared_Index/<ExecuteAsync>d__20::MoveNext()
FNDA:0,System.Void AspNetCoreGeneratedDocument.Views_Shared_Index/<ExecuteAsync>d__20::MoveNext()
DA:23,0
DA:24,0
DA:26,0
DA:27,0
DA:28,0
DA:29,0
DA:30,0
DA:31,0
DA:32,0
DA:34,0
DA:35,0
DA:36,0
DA:39,0
BRDA:23,526,0,0
BRDA:23,526,1,0
BRDA:23,3259,1,0
BRDA:32,1325,0,0
BRDA:32,1325,1,0
BRDA:34,1657,0,0
BRDA:34,1657,1,0
BRDA:34,2024,0,0
BRDA:34,2024,1,0
BRDA:35,2356,0,0
BRDA:35,2356,1,0
BRDA:35,2723,0,0
BRDA:35,2723,1,0
BRDA:36,3055,0,0
BRDA:36,3055,1,0
BRDA:23,3259,0,0
BRDA:23,3622,0,0
BRDA:23,3622,1,0
BRDA:23,4116,0,0
BRDA:23,4116,1,0
BRDA:23,4610,0,0
BRDA:23,4610,1,0
BRDA:23,5104,0,0
BRDA:23,5104,1,0
BRDA:23,5472,0,0
BRDA:23,5472,1,0
BRDA:23,5720,0,0
BRDA:23,5720,1,0
BRDA:23,6088,0,0
BRDA:23,6088,1,0
BRDA:23,6336,0,0
BRDA:23,6336,1,0
BRDA:23,6704,0,0
BRDA:23,6704,1,0
BRDA:23,6952,0,0
BRDA:23,6952,1,0
BRDA:23,7446,0,0
BRDA:23,7446,1,0
LF:13
LH:0
BRF:38
BRH:0
FNF:1
FNH:0
end_of_record
SF:C:\Users\Cong\Desktop\Workspace\New folder (4)\WebApplication\Views\_ViewStart.cshtml
FN:1,System.Void AspNetCoreGeneratedDocument.Views__ViewStart/<ExecuteAsync>d__0::MoveNext()
FNDA:0,System.Void AspNetCoreGeneratedDocument.Views__ViewStart/<ExecuteAsync>d__0::MoveNext()
DA:2,0
LF:1
LH:0
BRF:0
BRH:0
FNF:1
FNH:0
end_of_record
SF:C:\Users\Cong\Desktop\Workspace\New folder (4)\WebApplication\Views\Shared\_Layout.cshtml
FN:5,System.Void AspNetCoreGeneratedDocument.Views_Shared__Layout/<<ExecuteAsync>b__25_0>d::MoveNext()
FNDA:0,System.Void AspNetCoreGeneratedDocument.Views_Shared__Layout/<<ExecuteAsync>b__25_0>d::MoveNext()
DA:6,0
DA:8,0
DA:9,0
BRDA:6,443,0,0
BRDA:6,443,1,0
BRDA:8,1088,0,0
BRDA:8,1088,1,0
BRDA:9,1733,0,0
BRDA:9,1733,1,0
FN:34,System.Void AspNetCoreGeneratedDocument.Views_Shared__Layout/<<ExecuteAsync>b__25_1>d::MoveNext()
FNDA:0,System.Void AspNetCoreGeneratedDocument.Views_Shared__Layout/<<ExecuteAsync>b__25_1>d::MoveNext()
DA:35,0
DA:46,0
DA:47,0
BRDA:35,600,0,0
BRDA:35,600,1,0
BRDA:35,1222,0,0
BRDA:35,1222,1,0
BRDA:35,1844,0,0
BRDA:35,1844,1,0
BRDA:35,2484,0,0
BRDA:35,2484,1,0
BRDA:35,2958,0,0
BRDA:35,2958,1,0
BRDA:35,3434,0,0
BRDA:35,3434,1,0
BRDA:46,4059,0,0
BRDA:46,4059,1,0
LF:6
LH:0
BRF:20
BRH:0
FNF:2
FNH:0
end_of_record
SF:C:\Users\Cong\Desktop\Workspace\New folder (4)\WebApplication\Services\PersonService.cs
FN:61,System.Threading.Tasks.Task`1<System.Collections.Generic.IEnumerable`1<WebApplication.Models.Person>> WebApplication.Services.PersonService::GetMales()
FNDA:1,System.Threading.Tasks.Task`1<System.Collections.Generic.IEnumerable`1<WebApplication.Models.Person>> WebApplication.Services.PersonService::GetMales()
DA:62,1
DA:63,1
DA:64,1
FN:66,System.Threading.Tasks.Task`1<System.Collections.Generic.IEnumerable`1<WebApplication.Models.Person>> WebApplication.Services.PersonService::GetOldest()
FNDA:1,System.Threading.Tasks.Task`1<System.Collections.Generic.IEnumerable`1<WebApplication.Models.Person>> WebApplication.Services.PersonService::GetOldest()
DA:67,1
DA:68,1
DA:69,1
FN:71,System.Threading.Tasks.Task`1<System.Collections.Generic.IEnumerable`1<WebApplication.Models.Person>> WebApplication.Services.PersonService::GetByBirthYear(System.Int32)
FNDA:1,System.Threading.Tasks.Task`1<System.Collections.Generic.IEnumerable`1<WebApplication.Models.Person>> WebApplication.Services.PersonService::GetByBirthYear(System.Int32)
DA:72,1
DA:73,1
DA:74,1
FN:76,System.Threading.Tasks.Task`1<System.Collections.Generic.IEnumerable`1<WebApplication.Models.Person>> WebApplication.Services.PersonService::GetByBirthYearGreaterThan(System.Int32)
FNDA:1,System.Threading.Tasks.Task`1<System.Collections.Generic.IEnumerable`1<WebApplication.Models.Person>> WebApplication.Services.PersonService::GetByBirthYearGreaterThan(System.Int32)
DA:77,1
DA:78,1
DA:79,1
FN:81,System.Threading.Tasks.Task`1<System.Collections.Generic.IEnumerable`1<WebApplication.Models.Person>> WebApplication.Services.PersonService::GetByBirthYearLessThan(System.Int32)
FNDA:1,System.Threading.Tasks.Task`1<System.Collections.Generic.IEnumerable`1<WebApplication.Models.Person>> WebApplication.Services.PersonService::GetByBirthYearLessThan(System.Int32)
DA:82,1
DA:83,1
DA:84,1
FN:9,System.Void WebApplication.Services.PersonService::.ctor(WebApplication.Repositories.IPersonRepository)
FNDA:10,System.Void WebApplication.Services.PersonService::.ctor(WebApplication.Repositories.IPersonRepository)
DA:10,10
DA:11,10
DA:12,10
DA:13,10
FN:49,System.Void WebApplication.Services.PersonService/<DeletePerson>d__6::MoveNext()
FNDA:1,System.Void WebApplication.Services.PersonService/<DeletePerson>d__6::MoveNext()
DA:50,1
DA:52,1
DA:53,1
DA:54,1
DA:55,0
DA:56,0
DA:57,0
DA:59,1
FN:20,System.Void WebApplication.Services.PersonService/<GetPerson>d__3::MoveNext()
FNDA:1,System.Void WebApplication.Services.PersonService/<GetPerson>d__3::MoveNext()
DA:21,1
DA:23,1
DA:24,1
DA:26,0
DA:27,0
DA:28,0
DA:30,1
FN:15,System.Void WebApplication.Services.PersonService/<GetPersons>d__2::MoveNext()
FNDA:1,System.Void WebApplication.Services.PersonService/<GetPersons>d__2::MoveNext()
DA:16,1
DA:17,1
DA:18,1
FN:44,System.Void WebApplication.Services.PersonService/<PostPerson>d__5::MoveNext()
FNDA:1,System.Void WebApplication.Services.PersonService/<PostPerson>d__5::MoveNext()
DA:45,1
DA:46,1
DA:47,1
FN:32,System.Void WebApplication.Services.PersonService/<PutPerson>d__4::MoveNext()
FNDA:1,System.Void WebApplication.Services.PersonService/<PutPerson>d__4::MoveNext()
DA:33,1
DA:35,1
DA:36,1
DA:37,1
DA:38,0
DA:39,0
DA:40,0
DA:42,1
LF:48
LH:39
BRF:0
BRH:0
FNF:11
FNH:11
end_of_record
SF:C:\Users\Cong\Desktop\Workspace\New folder (4)\WebApplication\Repositories\PersonRepository.cs
FN:10,System.Void WebApplication.Repositories.PersonRepository::.ctor(WebApplication.Data.PersonContext)
FNDA:0,System.Void WebApplication.Repositories.PersonRepository::.ctor(WebApplication.Data.PersonContext)
DA:11,0
DA:12,0
DA:13,0
DA:14,0
FN:53,System.Void WebApplication.Repositories.PersonRepository/<DeletePerson>d__6::MoveNext()
FNDA:0,System.Void WebApplication.Repositories.PersonRepository/<DeletePerson>d__6::MoveNext()
DA:54,0
DA:55,0
DA:56,0
DA:57,0
DA:58,0
BRDA:55,173,0,0
BRDA:55,173,1,0
FN:75,System.Void WebApplication.Repositories.PersonRepository/<GetByBirthYear>d__10::MoveNext()
FNDA:0,System.Void WebApplication.Repositories.PersonRepository/<GetByBirthYear>d__10::MoveNext()
DA:76,0
DA:77,0
DA:78,0
FN:80,System.Void WebApplication.Repositories.PersonRepository/<GetByBirthYearGreaterThan>d__11::MoveNext()
FNDA:0,System.Void WebApplication.Repositories.PersonRepository/<GetByBirthYearGreaterThan>d__11::MoveNext()
DA:81,0
DA:82,0
DA:83,0
FN:85,System.Void WebApplication.Repositories.PersonRepository/<GetByBirthYearLessThan>d__12::MoveNext()
FNDA:0,System.Void WebApplication.Repositories.PersonRepository/<GetByBirthYearLessThan>d__12::MoveNext()
DA:86,0
DA:87,0
DA:88,0
FN:65,System.Void WebApplication.Repositories.PersonRepository/<GetMales>d__8::MoveNext()
FNDA:0,System.Void WebApplication.Repositories.PersonRepository/<GetMales>d__8::MoveNext()
DA:66,0
DA:67,0
DA:68,0
FN:70,System.Void WebApplication.Repositories.PersonRepository/<GetOldest>d__9::MoveNext()
FNDA:0,System.Void WebApplication.Repositories.PersonRepository/<GetOldest>d__9::MoveNext()
DA:71,0
DA:72,0
DA:73,0
FN:21,System.Void WebApplication.Repositories.PersonRepository/<GetPerson>d__3::MoveNext()
FNDA:0,System.Void WebApplication.Repositories.PersonRepository/<GetPerson>d__3::MoveNext()
DA:22,0
DA:23,0
DA:24,0
DA:25,0
BRDA:23,163,0,0
BRDA:23,163,1,0
FN:16,System.Void WebApplication.Repositories.PersonRepository/<GetPersons>d__2::MoveNext()
FNDA:0,System.Void WebApplication.Repositories.PersonRepository/<GetPersons>d__2::MoveNext()
DA:17,0
DA:18,0
DA:19,0
FN:60,System.Void WebApplication.Repositories.PersonRepository/<PersonExists>d__7::MoveNext()
FNDA:0,System.Void WebApplication.Repositories.PersonRepository/<PersonExists>d__7::MoveNext()
DA:61,0
DA:62,0
DA:63,0
FN:47,System.Void WebApplication.Repositories.PersonRepository/<PostPerson>d__5::MoveNext()
FNDA:0,System.Void WebApplication.Repositories.PersonRepository/<PostPerson>d__5::MoveNext()
DA:48,0
DA:49,0
DA:50,0
DA:51,0
FN:27,System.Void WebApplication.Repositories.PersonRepository/<PutPerson>d__4::MoveNext()
FNDA:0,System.Void WebApplication.Repositories.PersonRepository/<PutPerson>d__4::MoveNext()
DA:28,0
DA:29,0
DA:31,0
DA:32,0
DA:33,0
DA:34,0
DA:35,0
DA:36,0
DA:37,0
DA:38,0
DA:41,0
DA:42,0
DA:45,0
BRDA:36,360,0,0
BRDA:36,360,1,0
LF:51
LH:0
BRF:6
BRH:0
FNF:12
FNH:0
end_of_record
SF:C:\Users\Cong\Desktop\Workspace\New folder (4)\WebApplication\Models\ErrorViewModel.cs
FN:4,System.String WebApplication.Models.ErrorViewModel::get_RequestId()
FNDA:0,System.String WebApplication.Models.ErrorViewModel::get_RequestId()
DA:5,0
FN:6,System.Boolean WebApplication.Models.ErrorViewModel::get_ShowRequestId()
FNDA:0,System.Boolean WebApplication.Models.ErrorViewModel::get_ShowRequestId()
DA:7,0
LF:2
LH:0
BRF:0
BRH:0
FNF:2
FNH:0
end_of_record
SF:C:\Users\Cong\Desktop\Workspace\New folder (4)\WebApplication\Models\Person.cs
FN:15,System.Guid WebApplication.Models.Person::get_Id()
FNDA:2,System.Guid WebApplication.Models.Person::get_Id()
DA:16,2
FN:19,System.String WebApplication.Models.Person::get_FirstName()
FNDA:37,System.String WebApplication.Models.Person::get_FirstName()
DA:20,37
FN:23,System.String WebApplication.Models.Person::get_LastName()
FNDA:37,System.String WebApplication.Models.Person::get_LastName()
DA:24,37
FN:26,System.String WebApplication.Models.Person::get_FullName()
FNDA:6,System.String WebApplication.Models.Person::get_FullName()
DA:27,6
FN:30,WebApplication.Models.Gender WebApplication.Models.Person::get_Gender()
FNDA:2,WebApplication.Models.Gender WebApplication.Models.Person::get_Gender()
DA:31,2
FN:34,System.DateTime WebApplication.Models.Person::get_DateOfBirth()
FNDA:4,System.DateTime WebApplication.Models.Person::get_DateOfBirth()
DA:35,4
FN:37,System.Int32 WebApplication.Models.Person::get_Age()
FNDA:6,System.Int32 WebApplication.Models.Person::get_Age()
DA:38,6
FN:40,System.String WebApplication.Models.Person::get_Birthplace()
FNDA:2,System.String WebApplication.Models.Person::get_Birthplace()
DA:41,2
FN:44,System.String WebApplication.Models.Person::get_PhoneNumber()
FNDA:35,System.String WebApplication.Models.Person::get_PhoneNumber()
DA:45,35
FN:48,System.Boolean WebApplication.Models.Person::get_IsGraduated()
FNDA:2,System.Boolean WebApplication.Models.Person::get_IsGraduated()
DA:49,2
FN:51,System.String WebApplication.Models.Person::ToString()
FNDA:0,System.String WebApplication.Models.Person::ToString()
DA:52,0
DA:53,0
DA:54,0
LF:13
LH:10
BRF:0
BRH:0
FNF:11
FNH:10
end_of_record
SF:C:\Users\Cong\Desktop\Workspace\New folder (4)\WebApplication\Data\PersonContext.cs
FN:12,Microsoft.EntityFrameworkCore.DbSet`1<WebApplication.Models.Person> WebApplication.Data.PersonContext::get_Persons()
FNDA:0,Microsoft.EntityFrameworkCore.DbSet`1<WebApplication.Models.Person> WebApplication.Data.PersonContext::get_Persons()
DA:13,0
FN:8,System.Void WebApplication.Data.PersonContext::.ctor(Microsoft.EntityFrameworkCore.DbContextOptions`1<WebApplication.Data.PersonContext>)
FNDA:0,System.Void WebApplication.Data.PersonContext::.ctor(Microsoft.EntityFrameworkCore.DbContextOptions`1<WebApplication.Data.PersonContext>)
DA:9,0
DA:10,0
DA:11,0
LF:4
LH:0
BRF:0
BRH:0
FNF:2
FNH:0
end_of_record
SF:C:\Users\Cong\Desktop\Workspace\New folder (4)\WebApplication\Controllers\HomeController.cs
FN:16,Microsoft.AspNetCore.Mvc.IActionResult WebApplication.Controllers.HomeController::Index()
FNDA:0,Microsoft.AspNetCore.Mvc.IActionResult WebApplication.Controllers.HomeController::Index()
DA:17,0
DA:18,0
DA:19,0
FN:21,Microsoft.AspNetCore.Mvc.IActionResult WebApplication.Controllers.HomeController::Privacy()
FNDA:0,Microsoft.AspNetCore.Mvc.IActionResult WebApplication.Controllers.HomeController::Privacy()
DA:22,0
DA:23,0
DA:24,0
FN:27,Microsoft.AspNetCore.Mvc.IActionResult WebApplication.Controllers.HomeController::Error()
FNDA:0,Microsoft.AspNetCore.Mvc.IActionResult WebApplication.Controllers.HomeController::Error()
DA:28,0
DA:29,0
DA:30,0
BRDA:29,14,0,0
BRDA:29,14,1,0
BRDA:29,26,0,0
BRDA:29,26,1,0
FN:10,System.Void WebApplication.Controllers.HomeController::.ctor(Microsoft.Extensions.Logging.ILogger`1<WebApplication.Controllers.HomeController>)
FNDA:0,System.Void WebApplication.Controllers.HomeController::.ctor(Microsoft.Extensions.Logging.ILogger`1<WebApplication.Controllers.HomeController>)
DA:11,0
DA:12,0
DA:13,0
DA:14,0
LF:13
LH:0
BRF:4
BRH:0
FNF:4
FNH:0
end_of_record
SF:C:\Users\Cong\Desktop\Workspace\New folder (4)\WebApplication\Controllers\PersonsController.cs
FN:73,Microsoft.AspNetCore.Mvc.IActionResult WebApplication.Controllers.PersonsController::Create()
FNDA:0,Microsoft.AspNetCore.Mvc.IActionResult WebApplication.Controllers.PersonsController::Create()
DA:74,0
DA:75,0
DA:76,0
FN:11,System.Void WebApplication.Controllers.PersonsController::.ctor(WebApplication.Services.IPersonService)
FNDA:11,System.Void WebApplication.Controllers.PersonsController::.ctor(WebApplication.Services.IPersonService)
DA:12,11
DA:13,11
DA:14,11
DA:15,11
FN:81,System.Void WebApplication.Controllers.PersonsController/<Create>d__7::MoveNext()
FNDA:1,System.Void WebApplication.Controllers.PersonsController/<Create>d__7::MoveNext()
DA:82,1
DA:83,1
DA:84,1
DA:85,1
DA:86,1
DA:88,0
DA:89,1
BRDA:83,33,0,1
BRDA:83,33,1,0
FN:92,System.Void WebApplication.Controllers.PersonsController/<Delete>d__8::MoveNext()
FNDA:1,System.Void WebApplication.Controllers.PersonsController/<Delete>d__8::MoveNext()
DA:93,1
DA:95,1
DA:96,1
DA:97,1
DA:99,0
DA:100,0
DA:101,0
DA:103,1
FN:108,System.Void WebApplication.Controllers.PersonsController/<DeleteConfirmed>d__9::MoveNext()
FNDA:0,System.Void WebApplication.Controllers.PersonsController/<DeleteConfirmed>d__9::MoveNext()
DA:109,0
DA:111,0
DA:112,0
DA:113,0
DA:114,0
DA:116,0
DA:117,0
DA:118,0
DA:119,0
DA:121,0
FN:25,System.Void WebApplication.Controllers.PersonsController/<Details>d__3::MoveNext()
FNDA:1,System.Void WebApplication.Controllers.PersonsController/<Details>d__3::MoveNext()
DA:26,1
DA:28,1
DA:29,1
DA:30,1
DA:32,0
DA:33,0
DA:34,0
DA:36,1
FN:39,System.Void WebApplication.Controllers.PersonsController/<Edit>d__4::MoveNext()
FNDA:1,System.Void WebApplication.Controllers.PersonsController/<Edit>d__4::MoveNext()
DA:40,1
DA:42,1
DA:43,1
DA:44,1
DA:46,0
DA:47,0
DA:48,0
DA:50,1
FN:55,System.Void WebApplication.Controllers.PersonsController/<Edit>d__5::MoveNext()
FNDA:0,System.Void WebApplication.Controllers.PersonsController/<Edit>d__5::MoveNext()
DA:56,0
DA:57,0
DA:58,0
DA:60,0
DA:61,0
DA:62,0
DA:63,0
DA:64,0
DA:65,0
DA:67,0
DA:69,0
DA:70,0
BRDA:57,33,0,0
BRDA:57,33,1,0
FN:153,System.Void WebApplication.Controllers.PersonsController/<ExportToExcel>d__15::MoveNext()
FNDA:1,System.Void WebApplication.Controllers.PersonsController/<ExportToExcel>d__15::MoveNext()
DA:154,1
DA:155,1
DA:156,1
DA:158,1
DA:159,1
DA:160,1
DA:161,1
DA:163,1
DA:164,1
DA:166,1
DA:167,1
DA:168,1
DA:169,1
FN:135,System.Void WebApplication.Controllers.PersonsController/<GetByBirthYear>d__12::MoveNext()
FNDA:1,System.Void WebApplication.Controllers.PersonsController/<GetByBirthYear>d__12::MoveNext()
DA:136,1
DA:137,1
DA:138,1
DA:139,1
FN:141,System.Void WebApplication.Controllers.PersonsController/<GetByBirthYearGreaterThan>d__13::MoveNext()
FNDA:1,System.Void WebApplication.Controllers.PersonsController/<GetByBirthYearGreaterThan>d__13::MoveNext()
DA:142,1
DA:143,1
DA:144,1
DA:145,1
FN:147,System.Void WebApplication.Controllers.PersonsController/<GetByBirthYearLessThan>d__14::MoveNext()
FNDA:1,System.Void WebApplication.Controllers.PersonsController/<GetByBirthYearLessThan>d__14::MoveNext()
DA:148,1
DA:149,1
DA:150,1
DA:151,1
FN:123,System.Void WebApplication.Controllers.PersonsController/<GetMales>d__10::MoveNext()
FNDA:1,System.Void WebApplication.Controllers.PersonsController/<GetMales>d__10::MoveNext()
DA:124,1
DA:125,1
DA:126,1
DA:127,1
FN:129,System.Void WebApplication.Controllers.PersonsController/<GetOldest>d__11::MoveNext()
FNDA:1,System.Void WebApplication.Controllers.PersonsController/<GetOldest>d__11::MoveNext()
DA:130,1
DA:131,1
DA:132,1
DA:133,1
FN:18,System.Void WebApplication.Controllers.PersonsController/<Index>d__2::MoveNext()
FNDA:1,System.Void WebApplication.Controllers.PersonsController/<Index>d__2::MoveNext()
DA:19,1
DA:20,1
DA:21,1
DA:22,1
LF:97
LH:62
BRF:4
BRH:1
FNF:15
FNH:12
end_of_record